iMPACT Version: 14.4

iMPACT log file Started on Wed Apr 23 13:17:57 2014

Welcome to iMPACT
iMPACT Version: 14.4
Project: '/home/kentaro/hardware/3/kadai3//auto_project.ipf' already exists.
Original project has been renamed to'/home/kentaro/hardware/3/kadai3//auto_project_1.ipf'.
Project: /home/kentaro/hardware/3/kadai3//auto_project.ipf created.
// *** BATCH CMD : setMode -bs
GUI --- Auto connect to cable...
// *** BATCH CMD : setCable -port auto
AutoDetecting cable. Please wait.
*** WARNING ***: When port is set to auto detect mode, cable speed is set todefault 6 MHz regardless of explicit arguments supplied for setting the baudrates
PROGRESS_START - Starting Operation.
Connecting to cable (Usb Port - USB21).
Checking cable driver.
File version of /home/kentaro/Xilinx/14.4/ISE_DS/ISE/bin/lin64/xusbdfwu.hex =1030.
File version of /usr/share/xusbdfwu.hex = 1030.
 Using libusb.
 Kernel release = 3.5.0-47-generic.
 Max current requested during enumeration is 74 mA.
Type = 0x0004.
 Cable Type = 3, Revision = 0.
 Setting cable speed to 6 MHz.
ERROR:Cse - A reference voltage has not been detected on the ribbon cable   interface to the target system ( pin 2 ).  Check that power is applied to the   target system and that the ribbon cable is properly seated at both ends.  The   status LED on Platform Cable USB will be GREEN if target voltage is in the   proper range and applied to the correct pin.
Cable connection failed.
Connecting to cable (Parallel Port - parport0).
 Linux release = 3.5.0-47-generic.
WARNING:iMPACT -  Module windrvr6 is not loaded. Please reinstall the cable   drivers. See Answer Record 22648.
Cable connection failed.
Connecting to cable (Parallel Port - parport1).
 Linux release = 3.5.0-47-generic.
WARNING:iMPACT -  Module windrvr6 is not loaded. Please reinstall the cable   drivers. See Answer Record 22648.
Cable connection failed.
Connecting to cable (Parallel Port - parport2).
 Linux release = 3.5.0-47-generic.
WARNING:iMPACT -  Module windrvr6 is not loaded. Please reinstall the cable   drivers. See Answer Record 22648.
Cable connection failed.
Connecting to cable (Parallel Port - parport3).
 Linux release = 3.5.0-47-generic.
WARNING:iMPACT -  Module windrvr6 is not loaded. Please reinstall the cable   drivers. See Answer Record 22648.
Cable connection failed.
PROGRESS_END - End Operation.
Elapsed time =      6 sec.
Cable autodetection failed.
WARNING:iMPACT:923 - Can not find cable, check cable setup !// *** BATCH CMD : setMode -bs
// *** BATCH CMD : setMode -ss
// *** BATCH CMD : setMode -sm
// *** BATCH CMD : setMode -hw140
// *** BATCH CMD : setMode -spi
// *** BATCH CMD : setMode -acecf
// *** BATCH CMD : setMode -acempm
// *** BATCH CMD : setMode -pff
Welcome to iMPACT
iMPACT Version: 14.4
Project: '/home/kentaro/hardware/3/kadai3//auto_project.ipf' already exists.
Original project has been renamed to'/home/kentaro/hardware/3/kadai3//auto_project_1.ipf'.
Project: /home/kentaro/hardware/3/kadai3//auto_project.ipf created.
// *** BATCH CMD : setMode -bs
GUI --- Auto connect to cable...
// *** BATCH CMD : setCable -port auto
AutoDetecting cable. Please wait.
*** WARNING ***: When port is set to auto detect mode, cable speed is set todefault 6 MHz regardless of explicit arguments supplied for setting the baudrates
PROGRESS_START - Starting Operation.
Connecting to cable (Usb Port - USB21).
Checking cable driver.
File version of /home/kentaro/Xilinx/14.4/ISE_DS/ISE/bin/lin64/xusbdfwu.hex =1030.
File version of /usr/share/xusbdfwu.hex = 1030.
 Using libusb.
 Kernel release = 3.5.0-47-generic.
 Max current requested during enumeration is 74 mA.
Type = 0x0004.
 Cable Type = 3, Revision = 0.
 Setting cable speed to 6 MHz.
Cable connection established.
Firmware version = 1028.
File version of /home/kentaro/Xilinx/14.4/ISE_DS/ISE/data/xusb_xlp.hex = 1303.
Firmware hex file version = 1303.
Downloading /home/kentaro/Xilinx/14.4/ISE_DS/ISE/data/xusb_xlp.hex.
Downloaded firmware version = 1303.
PLD file version = 0012h.
 PLD version = 0012h.
PROGRESS_END - End Operation.
Elapsed time =      0 sec.
Type = 0x0004.
ESN option: 0000117F68BA01.
Attempting to identify devices in the boundary-scan chain configuration...
INFO:iMPACT - Current time: 14/04/23 13:18
// *** BATCH CMD : Identify -inferir 
PROGRESS_START - Starting Operation.
Identifying chain contents...'0': : Manufacturer's ID = Xilinx xc5vlx50t, Version : 8
INFO:iMPACT:1777 - 
   Reading /home/kentaro/Xilinx/14.4/ISE_DS/ISE/virtex5/data/xc5vlx50t.bsd...
INFO:iMPACT:501 - '1': Added Device xc5vlx50t successfully.
----------------------------------------------------------------------
'1': : Manufacturer's ID = Xilinx xcf16p, Version : 14
INFO:iMPACT:1777 - 
   Reading /home/kentaro/Xilinx/14.4/ISE_DS/ISE/xcfp/data/xcf16p.bsd...
INFO:iMPACT:501 - '1': Added Device xcf16p successfully.
----------------------------------------------------------------------
done.
PROGRESS_END - End Operation.
Elapsed time =      0 sec.
// *** BATCH CMD : identifyMPM 
// *** BATCH CMD : assignFile -p 2 -file "/home/kentaro/core/core/top.bit"
'2': Loading file '/home/kentaro/core/core/top.bit' ...
done.
INFO:iMPACT:2257 - Startup Clock has been changed to 'JtagClk' in the bitstream   stored in memory,
   but the original bitstream file remains unchanged.
UserID read from the bitstream file = 0xFFFFFFFF.
----------------------------------------------------------------------
INFO:iMPACT:501 - '2': Added Device xc5vlx50t successfully.
----------------------------------------------------------------------
INFO:iMPACT - Current time: 14/04/23 13:18
// *** BATCH CMD : Program -p 2 
Maximum TCK operating frequency for this device chain: 15000000.
Validating chain...
Boundary-scan chain validated successfully.
2: Device Temperature: Current Reading: -273.00 C
2: VCCINT Supply: Current Reading:   0.000 V
2: VCCAUX Supply: Current Reading:   0.000 V
PROGRESS_START - Starting Operation.
'2': Programming device...
 Match_cycle = NoWait.
Match cycle: NoWait
 LCK_cycle = NoWait.
LCK cycle: NoWait
done.
INFO:iMPACT:2219 - Status register values:
INFO:iMPACT - 0011 1111 0011 1110 0000 1011 1100 0000 
INFO:iMPACT:579 - '2': Completed downloading bit file to device.
INFO:iMPACT:188 - '2': Programming completed successfully.
 Match_cycle = NoWait.
Match cycle: NoWait
 LCK_cycle = NoWait.
LCK cycle: NoWait
INFO:iMPACT - '2': Checking done pin....done.
'2': Programmed successfully.
PROGRESS_END - End Operation.
Elapsed time =      4 sec.
Cable is not connected.
