Running: /home/kentaro/Xilinx/14.4/ISE_DS/ISE/bin/lin64/unwrapped/fuse -intstyle ise -incremental -lib secureip -o /home/kentaro/core/core/tb_isim_beh.exe -prj /home/kentaro/core/core/tb_beh.prj work.tb 
ISim P.49d (signature 0xfbc00daa)
Number of CPUs detected in this system: 4
Turning on mult-threading, number of parallel sub-compilation jobs: 8 
Determining compilation order of HDL files
Parsing VHDL file "/home/kentaro/core/core/ipcore_dir/fifo.vhd" into library work
Parsing VHDL file "/home/kentaro/core/core/../u232c.vhd" into library work
Parsing VHDL file "/home/kentaro/core/core/../recv_min.vhd" into library work
Parsing VHDL file "/home/kentaro/core/core/../sender.vhd" into library work
Parsing VHDL file "/home/kentaro/core/core/../receiver.vhd" into library work
Parsing VHDL file "/home/kentaro/core/core/../io.vhd" into library work
Parsing VHDL file "/home/kentaro/core/core/../top.vhd" into library work
Parsing VHDL file "/home/kentaro/core/core/tb.vhd" into library work
Starting static elaboration
Completed static elaboration
Fuse Memory Usage: 114808 KB
Fuse CPU Usage: 1280 ms
Compiling package standard
Compiling package std_logic_1164
Compiling package std_logic_arith
Compiling package std_logic_unsigned
Compiling package vcomponents
Compiling architecture behavioral of entity fifo_generator_v9_3_bhv_ss [\fifo_generator_v9_3_bhv_ss(11,3...]
Compiling architecture behavioral of entity fifo_generator_v9_3_bhv_preload0 [\fifo_generator_v9_3_bhv_preload...]
Compiling architecture behavioral of entity fifo_generator_v9_3_conv [\fifo_generator_v9_3_conv(1,0,11...]
Compiling architecture behavioral of entity fifo_generator_v9_3 [\fifo_generator_v9_3(1,0,11,"Bla...]
Compiling architecture fifo_a of entity fifo [fifo_default]
Compiling architecture blackbox of entity u232c [\u232c(('0','0','0','1','1','0',...]
Compiling architecture sender of entity sender [sender_default]
Compiling architecture recv_min of entity recv_min [\recv_min(('0','0','0','1','1','...]
Compiling architecture receiver of entity receiver [receiver_default]
Compiling architecture io of entity io [io_default]
Compiling architecture ibufg_v of entity IBUFG [\IBUFG("DONT_CARE","0",true,"DEF...]
Compiling architecture bufg_v of entity BUFG [bufg_default]
Compiling architecture top of entity top [top_default]
Compiling architecture behavior of entity tb
Time Resolution for simulation is 1ps.
Waiting for 11 sub-compilation(s) to finish...
Compiled 32 VHDL Units
Built simulation executable /home/kentaro/core/core/tb_isim_beh.exe
Fuse Memory Usage: 688848 KB
Fuse CPU Usage: 1440 ms
GCC CPU Usage: 4030 ms
