ISim log file
Running: /home/kentaro/core/core/tb_isim_beh.exe -intstyle ise -gui -tclbatch isim.cmd -wdb /home/kentaro/core/core/tb_isim_beh.wdb 
ISim P.49d (signature 0xfbc00daa)
----------------------------------------------------------------------
INFO:Security:50 - The XILINXD_LICENSE_FILE environment variable is set to '2100@133.11.27.150'.
INFO:Security:52 - The LM_LICENSE_FILE environment variable is set to '1717@133.11.27.150'.
WARNING:Security:43 - No license file was found in the standard Xilinx license directory.
WARNING:Security:44 - Since no license file was found,
       please run the Xilinx License Configuration Manager
       (xlcm or "Manage Xilinx Licenses")
       to assist in obtaining a license.
WARNING:Security:42 - Your software subscription period has lapsed. Your current version of Xilinx tools will continue to function, but you no longer qualify for Xilinx software updates or new releases.


----------------------------------------------------------------------
This is a Full version of ISim.
Time resolution is 1 ps
# onerror resume
# wave add /
# run 1000 ns
Simulator is doing circuit initialization process.
Finished circuit initialization process.
# restart
# run all
Simulator is doing circuit initialization process.
Finished circuit initialization process.
Stopped at time : 7800095 ns : File "/home/kentaro/core/core/tb.vhd" Line 78
# restart
# run all
Simulator is doing circuit initialization process.
Finished circuit initialization process.
Stopped at time : 4274650 ns : File "/home/kentaro/core/core/tb.vhd" Line 76
# restart
# run all
Simulator is doing circuit initialization process.
Finished circuit initialization process.
Stopped at time : 5737050 ns : File "/home/kentaro/core/core/tb.vhd" Line 83
# run all
Stopped at time : 8878955 ns : File "/home/kentaro/core/recv_min.vhd" Line 27
# exit 0
